[26/Aug/2021 12:02:05 Europe/Stockholm] [Info] ############################################################
[26/Aug/2021 12:02:05 Europe/Stockholm] [Info] # Output Factory initiated (html5)
[26/Aug/2021 12:02:05 Europe/Stockholm] [Info] # Building output for: Siemens Acquisition Help Portal
[26/Aug/2021 12:02:05 Europe/Stockholm] [Info] # URL /document/edit/18296
[26/Aug/2021 12:02:05 Europe/Stockholm] [Info] # User: YC Wang
[26/Aug/2021 12:02:05 Europe/Stockholm] [Info] # Time: Thu, 26 Aug 2021 12:02:05 +0200
[26/Aug/2021 12:02:05 Europe/Stockholm] [Info] # Server: augsburg
[26/Aug/2021 12:02:05 Europe/Stockholm] [Info] ############################################################
[26/Aug/2021 12:02:05 Europe/Stockholm] [Info] Group: custom
[26/Aug/2021 12:02:05 Europe/Stockholm] [Info] Type: html5
[26/Aug/2021 12:02:05 Europe/Stockholm] [Info] Transformation: /var/www/ccms/usr/perspectum/xsl/custom/layout-17630.xsl
[26/Aug/2021 12:02:06 Europe/Stockholm] [Info] File found: /var/www/ccms/usr/perspectum/xsl/custom/layout-17630.xsl
[26/Aug/2021 12:02:06 Europe/Stockholm] [Info] ############################################################
[26/Aug/2021 12:02:06 Europe/Stockholm] [Info] Building output for: html5
[26/Aug/2021 12:02:06 Europe/Stockholm] [Info] Using stylesheet: /var/www/ccms/usr/perspectum/xsl/custom/layout-17630.xsl
[26/Aug/2021 12:02:06 Europe/Stockholm] [Info] Parameters for this build: (array) {"profile.audience":"Expert","profile.xinfo.market":"Clinical","profile.xinfo.product":"Siemens Scanner"}
[26/Aug/2021 12:02:06 Europe/Stockholm] [Info] Environment variables for this build: (array) {"taxonomies.propagate":"1","taxonomy.filter.strategy":"descendants","taxonomies.relationship":"MRERespiratoryDriver","use.algolia.search":"0"}
[26/Aug/2021 12:02:06 Europe/Stockholm] [Info] Building output for languages: (array) ["en"]
[26/Aug/2021 12:02:06 Europe/Stockholm] [Info] Building multilang: no
[26/Aug/2021 12:02:06 Europe/Stockholm] [Info] Building preview: no
[26/Aug/2021 12:02:06 Europe/Stockholm] [Info] ############################################################
[26/Aug/2021 12:02:06 Europe/Stockholm] [Info] Using build directory: /paligo/tmp/perspectum/production-6127669c7e7788.85316268/18296-Siemens_Acquisition_Help_Portal-html5
[26/Aug/2021 12:02:07 Europe/Stockholm] [Info] -- Generating source files
[26/Aug/2021 12:02:07 Europe/Stockholm] [Info] -- Propagating taxonomies: true
[26/Aug/2021 12:02:09 Europe/Stockholm] [Info] -- Source files have been generated
[26/Aug/2021 12:02:09 Europe/Stockholm] [Info] -- Publication has no unresolved dependencies.
[26/Aug/2021 12:02:09 Europe/Stockholm] [Info] -- Generating source files complete.
[26/Aug/2021 12:02:10 Europe/Stockholm] [Info] Localizing: publication-18296.xml
[26/Aug/2021 12:02:10 Europe/Stockholm] [Info] Language: en
[26/Aug/2021 12:02:10 Europe/Stockholm] [Warning] Resolving some links failed
[26/Aug/2021 12:02:10 Europe/Stockholm] [Info] [/*/*[6]/*[4]/*[8]/*[4]/*[2]/*[1]] An outgoing link in <a href="/document/edit/2673">MR Elastography troubleshooting</a> could not be resolved. The link points to <a href="/document/edit/2397">MRE passive driver placement</a> which is not part of this publication.
[26/Aug/2021 12:02:10 Europe/Stockholm] [Info] Variable sets found: 1
[26/Aug/2021 12:02:11 Europe/Stockholm] [Info] Inserting image links.
[26/Aug/2021 12:02:11 Europe/Stockholm] [Info] Found 82 image(s).
[26/Aug/2021 12:02:11 Europe/Stockholm] [Info] Found image 'Siemens_MR_Open_ Windows_Menu_KeyboardCombo.png'
[26/Aug/2021 12:02:12 Europe/Stockholm] [Info] Found image 'Siemens_ECG_simulator.png'
[26/Aug/2021 12:02:12 Europe/Stockholm] [Info] Found image 'Philips_ECG_simulator_highlight.png'
[26/Aug/2021 12:02:12 Europe/Stockholm] [Info] Found image 'GE_adjust_heartrate_to_60BPM.png'
[26/Aug/2021 12:02:12 Europe/Stockholm] [Info] Found image 'GE_Trigger_Lead.png'
[26/Aug/2021 12:02:12 Europe/Stockholm] [Info] Found image 'Philips_ECG_trigger.png'
[26/Aug/2021 12:02:12 Europe/Stockholm] [Info] Found image 'SetTriggerDelay.png'
[26/Aug/2021 12:02:12 Europe/Stockholm] [Info] Found image 'GE_IDEAL_5slices.png'
[26/Aug/2021 12:02:12 Europe/Stockholm] [Info] Found image 'Philips_5_slices.png'
[26/Aug/2021 12:02:12 Europe/Stockholm] [Info] Found image 'Siemens Base Slice Positioning.png'
[26/Aug/2021 12:02:12 Europe/Stockholm] [Info] Found image 'Siemens adjustment volume button'
[26/Aug/2021 12:02:12 Europe/Stockholm] [Info] Found image 'Susceptibility_artefacts.png'
[26/Aug/2021 12:02:12 Europe/Stockholm] [Info] Found image 'Siemens_Force_re-shim.png'
[26/Aug/2021 12:02:12 Europe/Stockholm] [Info] Found image 'GE Data Export.png'
[26/Aug/2021 12:02:12 Europe/Stockholm] [Info] Found image 'Patient_AdministrationPhilips.tif'
[26/Aug/2021 12:02:12 Europe/Stockholm] [Info] Found image 'Philips File Export.tif'
[26/Aug/2021 12:02:12 Europe/Stockholm] [Info] Found image 'Volume FOV.png'
[26/Aug/2021 12:02:12 Europe/Stockholm] [Info] Found image 'motion artifacts.png'
[26/Aug/2021 12:02:13 Europe/Stockholm] [Info] Found image 'Liver_dome_clipped.png'
[26/Aug/2021 12:02:13 Europe/Stockholm] [Info] Found image 'Lung_to_kidney_coil_coverage.png'
[26/Aug/2021 12:02:13 Europe/Stockholm] [Info] Found image 'Liver2Kidney-Vol.png'
[26/Aug/2021 12:02:13 Europe/Stockholm] [Info] Found image 'lms_dixon.png'
[26/Aug/2021 12:02:13 Europe/Stockholm] [Info] Found image 'Philips_Toggle_3_Point_Icon.png'
[26/Aug/2021 12:02:13 Europe/Stockholm] [Info] Found image 'Philips_5_slice_pos.png'
[26/Aug/2021 12:02:13 Europe/Stockholm] [Info] Found image 'GE_1_slice_planning.png'
[26/Aug/2021 12:02:13 Europe/Stockholm] [Info] Found image 'Philips_pancreas_Molli.PNG'
[26/Aug/2021 12:02:13 Europe/Stockholm] [Info] Found image '3pointsPanc.png'
[26/Aug/2021 12:02:13 Europe/Stockholm] [Info] Found image 'Siemens_pancreasMOLLIplanning.png'
[26/Aug/2021 12:02:13 Europe/Stockholm] [Info] Found image 'GE_Pancreas_MOLLI.png'
[26/Aug/2021 12:02:13 Europe/Stockholm] [Info] Found image 'GE_Pancreas_IDEAL.png'
[26/Aug/2021 12:02:13 Europe/Stockholm] [Info] Found image 'Siemens_pancreaIDEALplanning.png'
[26/Aug/2021 12:02:13 Europe/Stockholm] [Info] Found image 'Philips_pancreas_ideal.png'
[26/Aug/2021 12:02:13 Europe/Stockholm] [Info] Found image 'CorKidney.jpg'
[26/Aug/2021 12:02:13 Europe/Stockholm] [Info] Found image 'Cor_kidneys_Molli.png'
[26/Aug/2021 12:02:14 Europe/Stockholm] [Info] Found image 'GE_MOLLI_Kidney_1slice.png'
[26/Aug/2021 12:02:14 Europe/Stockholm] [Info] Found image 'GE_Cardiac_Select1ECG_Channel.png'
[26/Aug/2021 12:02:14 Europe/Stockholm] [Info] Found image 'Cardiac_localiser.png'
[26/Aug/2021 12:02:14 Europe/Stockholm] [Info] Found image 'GE_2ch_Loc.png'
[26/Aug/2021 12:02:14 Europe/Stockholm] [Info] Found image '2Chamber_Localiser.png'
[26/Aug/2021 12:02:14 Europe/Stockholm] [Info] Found image 'Philips_2chamber_Localiser.png'
[26/Aug/2021 12:02:14 Europe/Stockholm] [Info] Found image 'GE_HLA_CINE.png'
[26/Aug/2021 12:02:14 Europe/Stockholm] [Info] Found image '4chamberLocaliser.png'
[26/Aug/2021 12:02:14 Europe/Stockholm] [Info] Found image 'Philip_4_chamber_localiser.png'
[26/Aug/2021 12:02:14 Europe/Stockholm] [Info] Found image 'Siemens_Short_Axis_stack_planning.png'
[26/Aug/2021 12:02:14 Europe/Stockholm] [Info] Found image 'GE_SA_stack_CINE.png'
[26/Aug/2021 12:02:14 Europe/Stockholm] [Info] Found image 'Philips_SA_Stack_cine.png'
[26/Aug/2021 12:02:14 Europe/Stockholm] [Info] Found image 'Siemens_HLA.png'
[26/Aug/2021 12:02:14 Europe/Stockholm] [Info] Found image 'Phlips_HLA_BFFE2.png'
[26/Aug/2021 12:02:14 Europe/Stockholm] [Info] Found image 'Avoid_LVOT.png'
[26/Aug/2021 12:02:15 Europe/Stockholm] [Info] Found image 'VLACine.png'
[26/Aug/2021 12:02:15 Europe/Stockholm] [Info] Found image 'GE_VLA_CINE.png'
[26/Aug/2021 12:02:15 Europe/Stockholm] [Info] Found image 'Philips_VLA2btfe.png'
[26/Aug/2021 12:02:15 Europe/Stockholm] [Info] Found image 'StackCine.png'
[26/Aug/2021 12:02:15 Europe/Stockholm] [Info] Found image 'Philips_SA_Stack_localiser.png'
[26/Aug/2021 12:02:15 Europe/Stockholm] [Info] Found image 'Siemens_CMRBASEPLANING.png'
[26/Aug/2021 12:02:15 Europe/Stockholm] [Info] Found image 'GE_BaseCardiac_Anotated.png'
[26/Aug/2021 12:02:15 Europe/Stockholm] [Info] Found image 'Philips_CMR_T1MAP_BASE.png'
[26/Aug/2021 12:02:15 Europe/Stockholm] [Info] Found image 'Cardiac T1_Maps.png'
[26/Aug/2021 12:02:15 Europe/Stockholm] [Info] Found image 'Cardiac T2_Maps.png'
[26/Aug/2021 12:02:15 Europe/Stockholm] [Info] Found image 'Lung_planning_localiser.png'
[26/Aug/2021 12:02:15 Europe/Stockholm] [Info] Found image 'Lung_imaging.png'
[26/Aug/2021 12:02:15 Europe/Stockholm] [Info] Found image 'lung_planning.png'
[26/Aug/2021 12:02:15 Europe/Stockholm] [Info] Found image 'Siemens_De-identify.png'
[26/Aug/2021 12:02:15 Europe/Stockholm] [Info] Found image 'Siemens_De-identify_remove_protection.png'
[26/Aug/2021 12:02:16 Europe/Stockholm] [Info] Found image 'Philips_De-identify.png'
[26/Aug/2021 12:02:16 Europe/Stockholm] [Info] Found image 'GE_De-identify.png'
[26/Aug/2021 12:02:16 Europe/Stockholm] [Info] Found image 'Horos_Osirix_deidentification.png'
[26/Aug/2021 12:02:16 Europe/Stockholm] [Info] Found image 'Horos_OsiriX_anonymisation.jpg'
[26/Aug/2021 12:02:16 Europe/Stockholm] [Info] Found image 'DicomCleaner_deidentification.png'
[26/Aug/2021 12:02:16 Europe/Stockholm] [Info] Found image 'DicomCleaner_Naming_Convention_Tick_Box.png'
[26/Aug/2021 12:02:16 Europe/Stockholm] [Info] Found image 'DicomeCleaner_Export.png'
[26/Aug/2021 12:02:16 Europe/Stockholm] [Info] Found image 'Philips ECG.png'
[26/Aug/2021 12:02:16 Europe/Stockholm] [Info] Found image 'GE_ECG.png'
[26/Aug/2021 12:02:16 Europe/Stockholm] [Info] Found image 'Siemens_ECG.png'
[26/Aug/2021 12:02:17 Europe/Stockholm] [Info] Found image 'MOLLI Banding.png'
[26/Aug/2021 12:02:17 Europe/Stockholm] [Info] Found image 'MRCP_motion.png'
[26/Aug/2021 12:02:17 Europe/Stockholm] [Info] Found image 'MRCP_incorrect_FOV.png'
[26/Aug/2021 12:02:17 Europe/Stockholm] [Info] Found image 'MRCP_poor_fat_sat.png'
[26/Aug/2021 12:02:17 Europe/Stockholm] [Info] Found image 'Spectrum_of_water_fat_silicone.png'
[26/Aug/2021 12:02:17 Europe/Stockholm] [Info] Found image 'MRCP_Saline_breast_implants.png'
[26/Aug/2021 12:02:17 Europe/Stockholm] [Info] Found image 'MRE_favourable_locations.png'
[26/Aug/2021 12:02:17 Europe/Stockholm] [Info] Found image 'IronOverloadMRE.png'
[26/Aug/2021 12:02:18 Europe/Stockholm] [Info] Profiling parameters: (array) {"profile.audience":"Expert","profile.xinfo.market":"Clinical","profile.xinfo.product":"Siemens Scanner"}
[26/Aug/2021 12:02:18 Europe/Stockholm] [Info] Profiling customisation: /var/www/ccms/usr/perspectum/xsl/profile.xsl (not found)
[26/Aug/2021 12:02:19 Europe/Stockholm] [Info] Transformation: publication-18296--en.org.xml -> publication-18296--en.xml [profile.xsl]
[26/Aug/2021 12:02:19 Europe/Stockholm] [Info] Transformation: publication-18296--en.xml -> publication-18296--en.xml [internal-xref.xsl]
[26/Aug/2021 12:02:19 Europe/Stockholm] [Info] Transformation: A-filelist.xml -> B-sorted.xml [IO.document.sortlang.xsl]
[26/Aug/2021 12:02:19 Europe/Stockholm] [Info] Transformation: B-sorted.xml -> C-concatenated.xml [IO.document.concat.xsl]
[26/Aug/2021 12:02:19 Europe/Stockholm] [Info] Transformation: B-sorted.xml -> index-en.xml [IO.document.head.xsl]
[26/Aug/2021 12:02:19 Europe/Stockholm] [Info] Created copy: /var/www/ccms/usr/perspectum/xsl/custom/layout-17630.xsl -> /var/www/ccms/usr/perspectum/xsl/custom/612766ab9fd45.xsl
[26/Aug/2021 12:02:19 Europe/Stockholm] [Info] Created symlink: /var/www/ccms/application/lib/docbook/xsl/html5/html5-2.page.xsl -> /var/www/ccms/usr/perspectum/xsl/custom/612766ab9fd45.page.xsl
[26/Aug/2021 12:02:19 Europe/Stockholm] [Info] Created symlink: /var/www/ccms/application/lib/docbook/xsl/html5/html5-2.index.xsl -> /var/www/ccms/usr/perspectum/xsl/custom/612766ab9fd45.index.xsl
[26/Aug/2021 12:02:19 Europe/Stockholm] [Info] Created symlink: /var/www/ccms/application/lib/docbook/xsl/html5/html5.toc.xsl -> /var/www/ccms/usr/perspectum/xsl/custom/612766ab9fd45.toc.xsl
[26/Aug/2021 12:02:19 Europe/Stockholm] [Info] Created symlink: /var/www/ccms/application/lib/docbook/xsl/html5/html5.page.xsl -> /var/www/ccms/usr/perspectum/xsl/custom/612766ab9fd45.page.xsl
[26/Aug/2021 12:02:19 Europe/Stockholm] [Info] Created symlink: /var/www/ccms/application/lib/docbook/xsl/html5/html5.index.xsl -> /var/www/ccms/usr/perspectum/xsl/custom/612766ab9fd45.index.xsl
[26/Aug/2021 12:02:20 Europe/Stockholm] [Info] Image copied: en/image/uuid-a7fffde4-0dc5-2ea4-86cd-98edfc9fe7fa.png
[26/Aug/2021 12:02:20 Europe/Stockholm] [Info] Image copied: en/image/uuid-fb017505-0b31-2b84-e55c-fd86712c2b30.png
[26/Aug/2021 12:02:20 Europe/Stockholm] [Info] Image copied: en/image/uuid-a6092061-7838-3719-c97b-0d532f314bc3.png
[26/Aug/2021 12:02:20 Europe/Stockholm] [Info] Image copied: en/image/uuid-d682326b-1f86-6dfb-b33e-fa081bf5ae1c.png
[26/Aug/2021 12:02:20 Europe/Stockholm] [Info] Image copied: en/image/uuid-1e3d4989-88b5-d936-2993-cc5c47346346.png
[26/Aug/2021 12:02:20 Europe/Stockholm] [Info] Image copied: en/image/uuid-583bb546-9121-8cd2-063c-52ebc66e3b5b.png
[26/Aug/2021 12:02:20 Europe/Stockholm] [Info] Image copied: en/image/uuid-d7b6693c-abaf-2466-690f-c5009cd59d4a.png
[26/Aug/2021 12:02:20 Europe/Stockholm] [Info] Image copied: en/image/uuid-0707db3f-50d2-0fe7-8554-b53817561b4d.png
[26/Aug/2021 12:02:20 Europe/Stockholm] [Info] Image copied: en/image/uuid-4373b7d3-a5dd-5d0b-5c12-3f7911d8a100.png
[26/Aug/2021 12:02:20 Europe/Stockholm] [Info] Image copied: en/image/uuid-ba6feb08-c3e5-d8a3-3f6a-a2f1d8381304.png
[26/Aug/2021 12:02:20 Europe/Stockholm] [Info] Image copied: en/image/uuid-938dd24c-5039-db10-b352-401f966c3d29.png
[26/Aug/2021 12:02:20 Europe/Stockholm] [Info] Image copied: en/image/uuid-fabcfd63-e2ef-0f86-1645-94fb0d9da156.png
[26/Aug/2021 12:02:20 Europe/Stockholm] [Info] Image copied: en/image/uuid-a5f6aacc-a1e3-f4be-16c9-29e3b406576d.png
[26/Aug/2021 12:02:20 Europe/Stockholm] [Info] Image copied: en/image/uuid-247e0f6c-a19c-487c-269e-1807e313b740.png
[26/Aug/2021 12:02:20 Europe/Stockholm] [Info] Image copied: en/image/uuid-273c2b0b-9732-84f4-6d6f-1a2d0511fb02.png
[26/Aug/2021 12:02:20 Europe/Stockholm] [Info] Image copied: en/image/uuid-c10581f1-6a59-2338-067e-e487c852924a.png
[26/Aug/2021 12:02:20 Europe/Stockholm] [Info] Image copied: en/image/uuid-eb65c054-188f-981d-7c75-78e2c5bff359.png
[26/Aug/2021 12:02:20 Europe/Stockholm] [Info] Image copied: en/image/uuid-4fb72682-eafb-cb8d-4ad5-028e16e3a790.png
[26/Aug/2021 12:02:20 Europe/Stockholm] [Info] Image copied: en/image/uuid-1f672ab0-817a-d7da-a614-b6756ae0dcc2.png
[26/Aug/2021 12:02:20 Europe/Stockholm] [Info] Image copied: en/image/uuid-9b33d738-3cc0-bc7a-49ac-f213adbade5b.png
[26/Aug/2021 12:02:20 Europe/Stockholm] [Info] Image copied: en/image/uuid-e387974e-89a7-f8c0-eb31-0ee5a3efd52b.png
[26/Aug/2021 12:02:20 Europe/Stockholm] [Info] Image copied: en/image/uuid-40febc06-aafa-6f05-acbe-b97f74e51799.png
[26/Aug/2021 12:02:20 Europe/Stockholm] [Info] Image copied: en/image/uuid-797a04c9-28b4-b18b-424f-0813bf52bba8.png
[26/Aug/2021 12:02:20 Europe/Stockholm] [Info] Image copied: en/image/uuid-89cc527a-ab53-ca12-c183-cb840bced462.png
[26/Aug/2021 12:02:20 Europe/Stockholm] [Info] Image copied: en/image/uuid-edf8d308-417a-2f1b-f8cc-87959ff6d88a.png
[26/Aug/2021 12:02:20 Europe/Stockholm] [Info] Image copied: en/image/uuid-aac78a02-ff6b-c9fc-e389-56b524578f0b.png
[26/Aug/2021 12:02:20 Europe/Stockholm] [Info] Image copied: en/image/uuid-83d7869a-2bac-9336-7afc-a75ad940f4e8.png
[26/Aug/2021 12:02:20 Europe/Stockholm] [Info] Image copied: en/image/uuid-ede394b3-0831-adaf-2e9f-43c1d22e41ca.png
[26/Aug/2021 12:02:20 Europe/Stockholm] [Info] Image copied: en/image/uuid-99ba8564-3fb7-2db6-e2b1-d17c77b1ea61.png
[26/Aug/2021 12:02:20 Europe/Stockholm] [Info] Image copied: en/image/uuid-0468f2ff-6874-d813-5ea2-0717809d80cc.png
[26/Aug/2021 12:02:20 Europe/Stockholm] [Info] Image copied: en/image/uuid-4d57b002-4403-8781-f03d-f83459a1dd07.png
[26/Aug/2021 12:02:20 Europe/Stockholm] [Info] Image copied: en/image/uuid-b89e6469-21f7-0461-fe03-03b2fcdb36e2.png
[26/Aug/2021 12:02:20 Europe/Stockholm] [Info] Image copied: en/image/uuid-e48baefe-47e1-5ab6-5c37-d43b8a8ea16f.png
[26/Aug/2021 12:02:20 Europe/Stockholm] [Info] Image copied: en/image/uuid-419da400-bffd-0beb-db48-ce26bb825f40.png
[26/Aug/2021 12:02:20 Europe/Stockholm] [Info] Image copied: en/image/uuid-895db30b-a028-63e3-b907-d347f86d50ff.jpg
[26/Aug/2021 12:02:20 Europe/Stockholm] [Info] Image copied: en/image/uuid-acca7d59-4882-fb80-3aaf-534de730ee3f.jpg
[26/Aug/2021 12:02:20 Europe/Stockholm] [Info] Image copied: en/image/uuid-182b674b-e9c0-fc83-6abd-3f8aa01e76ed.png
[26/Aug/2021 12:02:20 Europe/Stockholm] [Info] Image copied: en/image/uuid-b188e86c-531b-a0be-01b9-ba74de9ab3f1.png
[26/Aug/2021 12:02:20 Europe/Stockholm] [Info] Image copied: en/image/uuid-6c77b5f4-17bb-f6f1-c60e-81463bea813e.png
[26/Aug/2021 12:02:20 Europe/Stockholm] [Info] Image copied: en/image/uuid-3dd2fd65-97f6-401f-20b5-2ee157cd9731.png
[26/Aug/2021 12:02:20 Europe/Stockholm] [Info] Image copied: en/image/uuid-071783b0-7254-504e-71cb-e539d0ab06ad.png
[26/Aug/2021 12:02:20 Europe/Stockholm] [Info] Image copied: en/image/uuid-5e80c095-b5a6-fb41-8c82-ff6f10a98fb6.png
[26/Aug/2021 12:02:20 Europe/Stockholm] [Info] Image copied: en/image/uuid-c6a5c6ae-8919-d996-1ab2-ed070123f675.png
[26/Aug/2021 12:02:20 Europe/Stockholm] [Info] Image copied: en/image/uuid-a10143d1-dce3-2dc1-f7aa-0d9683327869.png
[26/Aug/2021 12:02:20 Europe/Stockholm] [Info] Image copied: en/image/uuid-aae3e114-fa64-6119-8332-0e41375b4210.png
[26/Aug/2021 12:02:20 Europe/Stockholm] [Info] Image copied: en/image/uuid-9580c133-9573-8950-af62-65da097cd993.png
[26/Aug/2021 12:02:20 Europe/Stockholm] [Info] Image copied: en/image/uuid-14a7ecb0-6816-1122-f240-efa29f9a15f9.png
[26-Aug-2021 12:02:23 Europe/Stockholm] Parsing manifest file: css/*, css/image/*, css/image/callouts/*, js/*, js/jquery-3/*, fonts/*
[26-Aug-2021 12:02:23 Europe/Stockholm] Filename: css/*
[26-Aug-2021 12:02:23 Europe/Stockholm] Source directory: /var/www/ccms/application/lib/docbook/xsl/html5
[26-Aug-2021 12:02:23 Europe/Stockholm] Target directory: /paligo/tmp/perspectum/production-6127669c7e7788.85316268/18296-Siemens_Acquisition_Help_Portal-html5/out
[26-Aug-2021 12:02:23 Europe/Stockholm] Copy file 'bootstrap-3.0.2.min.css'
[26-Aug-2021 12:02:23 Europe/Stockholm] Copy file 'bootstrap-theme-3.0.2.min.css'
[26-Aug-2021 12:02:23 Europe/Stockholm] Copy file 'bootstrap-theme.min.css'
[26-Aug-2021 12:02:23 Europe/Stockholm] Copy file 'bootstrap-theme.min.css.map'
[26-Aug-2021 12:02:23 Europe/Stockholm] Copy file 'bootstrap.min.css'
[26-Aug-2021 12:02:23 Europe/Stockholm] Copy file 'bootstrap.min.css.map'
[26-Aug-2021 12:02:23 Europe/Stockholm] Copy file 'content-theme1.css'
[26-Aug-2021 12:02:23 Europe/Stockholm] Copy file 'content-theme2.css'
[26-Aug-2021 12:02:23 Europe/Stockholm] Copy file 'docbook.css'
[26-Aug-2021 12:02:23 Europe/Stockholm] Copy file 'font-awesome.css'
[26-Aug-2021 12:02:23 Europe/Stockholm] Copy file 'graphical-lists.css'
[26-Aug-2021 12:02:23 Europe/Stockholm] Copy file 'html5.algoliasearch.css'
[26-Aug-2021 12:02:23 Europe/Stockholm] Copy file 'html5.algoliasearchpage.css'
[26-Aug-2021 12:02:23 Europe/Stockholm] Copy file 'mathml.css'
[26-Aug-2021 12:02:23 Europe/Stockholm] Copy file 'roboto.font.css'
[26-Aug-2021 12:02:23 Europe/Stockholm] Copy file 'rwd-table.min.css'
[26-Aug-2021 12:02:23 Europe/Stockholm] Copy file 'sm-core-css.css'
[26-Aug-2021 12:02:23 Europe/Stockholm] Copy file 'sm-simple.css'
[26-Aug-2021 12:02:23 Europe/Stockholm] Copy file 'style-api-responsive.css'
[26-Aug-2021 12:02:23 Europe/Stockholm] Copy file 'style-api.css'
[26-Aug-2021 12:02:23 Europe/Stockholm] Copy file 'style-common.css'
[26-Aug-2021 12:02:23 Europe/Stockholm] Copy file 'style-index-page.css'
[26-Aug-2021 12:02:23 Europe/Stockholm] Copy file 'style-modern-tables.css'
[26-Aug-2021 12:02:23 Europe/Stockholm] Copy file 'style-print.css'
[26-Aug-2021 12:02:23 Europe/Stockholm] Copy file 'style-responsive.css'
[26-Aug-2021 12:02:23 Europe/Stockholm] Copy file 'style-revealjs-slides.css'
[26-Aug-2021 12:02:23 Europe/Stockholm] Copy file 'style-single-page.css'
[26-Aug-2021 12:02:23 Europe/Stockholm] Copy file 'style.css'
[26-Aug-2021 12:02:23 Europe/Stockholm] Copy file 'theme0.css'
[26-Aug-2021 12:02:23 Europe/Stockholm] Copy file 'theme1-colors.css'
[26-Aug-2021 12:02:23 Europe/Stockholm] Copy file 'theme1.css'
[26-Aug-2021 12:02:23 Europe/Stockholm] Copy file 'theme2-colors.css'
[26-Aug-2021 12:02:23 Europe/Stockholm] Copy file 'theme2.css'
[26-Aug-2021 12:02:23 Europe/Stockholm] Copy file 'theme3-colors.css'
[26-Aug-2021 12:02:23 Europe/Stockholm] Copy file 'theme3.css'
[26-Aug-2021 12:02:23 Europe/Stockholm] Copy file 'theme3b-colors.css'
[26-Aug-2021 12:02:23 Europe/Stockholm] Copy file 'theme3b.css'
[26-Aug-2021 12:02:23 Europe/Stockholm] Filename: css/image/*
[26-Aug-2021 12:02:23 Europe/Stockholm] Source directory: /var/www/ccms/application/lib/docbook/xsl/html5
[26-Aug-2021 12:02:23 Europe/Stockholm] Target directory: /paligo/tmp/perspectum/production-6127669c7e7788.85316268/18296-Siemens_Acquisition_Help_Portal-html5/out
[26-Aug-2021 12:02:23 Europe/Stockholm] Copy file 'breadcrumb-seperator.png'
[26-Aug-2021 12:02:23 Europe/Stockholm] Copy file 'caution.png'
[26-Aug-2021 12:02:23 Europe/Stockholm] Copy file 'corporate-logo-blue-inverted.svg'
[26-Aug-2021 12:02:23 Europe/Stockholm] Copy file 'corporate-logo-blue.svg'
[26-Aug-2021 12:02:23 Europe/Stockholm] Copy file 'corporate-logo-white.png'
[26-Aug-2021 12:02:23 Europe/Stockholm] Copy file 'corporate-logo-white.svg'
[26-Aug-2021 12:02:23 Europe/Stockholm] Copy file 'corporate-logo.png'
[26-Aug-2021 12:02:23 Europe/Stockholm] Copy file 'corporate-logo.svg'
[26-Aug-2021 12:02:23 Europe/Stockholm] Copy file 'important.png'
[26-Aug-2021 12:02:23 Europe/Stockholm] Copy file 'note.png'
[26-Aug-2021 12:02:23 Europe/Stockholm] Copy file 'portal1-bg.jpg'
[26-Aug-2021 12:02:23 Europe/Stockholm] Copy file 'portal2a-bg.jpg'
[26-Aug-2021 12:02:23 Europe/Stockholm] Copy file 'portal2b-bg.jpg'
[26-Aug-2021 12:02:23 Europe/Stockholm] Copy file 'portal2c-bg.jpg'
[26-Aug-2021 12:02:23 Europe/Stockholm] Copy file 'subheader-bg.png'
[26-Aug-2021 12:02:23 Europe/Stockholm] Copy file 'warning.png'
[26-Aug-2021 12:02:23 Europe/Stockholm] Filename: css/image/callouts/*
[26-Aug-2021 12:02:23 Europe/Stockholm] Source directory: /var/www/ccms/application/lib/docbook/xsl/html5
[26-Aug-2021 12:02:23 Europe/Stockholm] Target directory: /paligo/tmp/perspectum/production-6127669c7e7788.85316268/18296-Siemens_Acquisition_Help_Portal-html5/out
[26-Aug-2021 12:02:23 Europe/Stockholm] Copy file '1.gif'
[26-Aug-2021 12:02:23 Europe/Stockholm] Copy file '1.png'
[26-Aug-2021 12:02:23 Europe/Stockholm] Copy file '1.svg'
[26-Aug-2021 12:02:23 Europe/Stockholm] Copy file '10.gif'
[26-Aug-2021 12:02:23 Europe/Stockholm] Copy file '10.png'
[26-Aug-2021 12:02:23 Europe/Stockholm] Copy file '10.svg'
[26-Aug-2021 12:02:23 Europe/Stockholm] Copy file '11.gif'
[26-Aug-2021 12:02:23 Europe/Stockholm] Copy file '11.png'
[26-Aug-2021 12:02:23 Europe/Stockholm] Copy file '11.svg'
[26-Aug-2021 12:02:23 Europe/Stockholm] Copy file '12.gif'
[26-Aug-2021 12:02:23 Europe/Stockholm] Copy file '12.png'
[26-Aug-2021 12:02:23 Europe/Stockholm] Copy file '12.svg'
[26-Aug-2021 12:02:23 Europe/Stockholm] Copy file '13.gif'
[26-Aug-2021 12:02:23 Europe/Stockholm] Copy file '13.png'
[26-Aug-2021 12:02:23 Europe/Stockholm] Copy file '13.svg'
[26-Aug-2021 12:02:23 Europe/Stockholm] Copy file '14.gif'
[26-Aug-2021 12:02:23 Europe/Stockholm] Copy file '14.png'
[26-Aug-2021 12:02:23 Europe/Stockholm] Copy file '14.svg'
[26-Aug-2021 12:02:23 Europe/Stockholm] Copy file '15.gif'
[26-Aug-2021 12:02:23 Europe/Stockholm] Copy file '15.png'
[26-Aug-2021 12:02:23 Europe/Stockholm] Copy file '15.svg'
[26-Aug-2021 12:02:23 Europe/Stockholm] Copy file '16.svg'
[26-Aug-2021 12:02:23 Europe/Stockholm] Copy file '17.svg'
[26-Aug-2021 12:02:23 Europe/Stockholm] Copy file '18.svg'
[26-Aug-2021 12:02:23 Europe/Stockholm] Copy file '19.svg'
[26-Aug-2021 12:02:23 Europe/Stockholm] Copy file '2.gif'
[26-Aug-2021 12:02:23 Europe/Stockholm] Copy file '2.png'
[26-Aug-2021 12:02:23 Europe/Stockholm] Copy file '2.svg'
[26-Aug-2021 12:02:23 Europe/Stockholm] Copy file '20.svg'
[26-Aug-2021 12:02:23 Europe/Stockholm] Copy file '21.svg'
[26-Aug-2021 12:02:23 Europe/Stockholm] Copy file '22.svg'
[26-Aug-2021 12:02:23 Europe/Stockholm] Copy file '23.svg'
[26-Aug-2021 12:02:23 Europe/Stockholm] Copy file '24.svg'
[26-Aug-2021 12:02:23 Europe/Stockholm] Copy file '25.svg'
[26-Aug-2021 12:02:23 Europe/Stockholm] Copy file '26.svg'
[26-Aug-2021 12:02:23 Europe/Stockholm] Copy file '27.svg'
[26-Aug-2021 12:02:23 Europe/Stockholm] Copy file '28.svg'
[26-Aug-2021 12:02:23 Europe/Stockholm] Copy file '29.svg'
[26-Aug-2021 12:02:23 Europe/Stockholm] Copy file '3.gif'
[26-Aug-2021 12:02:23 Europe/Stockholm] Copy file '3.png'
[26-Aug-2021 12:02:23 Europe/Stockholm] Copy file '3.svg'
[26-Aug-2021 12:02:23 Europe/Stockholm] Copy file '30.svg'
[26-Aug-2021 12:02:23 Europe/Stockholm] Copy file '4.gif'
[26-Aug-2021 12:02:23 Europe/Stockholm] Copy file '4.png'
[26-Aug-2021 12:02:23 Europe/Stockholm] Copy file '4.svg'
[26-Aug-2021 12:02:23 Europe/Stockholm] Copy file '5.gif'
[26-Aug-2021 12:02:23 Europe/Stockholm] Copy file '5.png'
[26-Aug-2021 12:02:23 Europe/Stockholm] Copy file '5.svg'
[26-Aug-2021 12:02:23 Europe/Stockholm] Copy file '6.gif'
[26-Aug-2021 12:02:23 Europe/Stockholm] Copy file '6.png'
[26-Aug-2021 12:02:23 Europe/Stockholm] Copy file '6.svg'
[26-Aug-2021 12:02:23 Europe/Stockholm] Copy file '7.gif'
[26-Aug-2021 12:02:23 Europe/Stockholm] Copy file '7.png'
[26-Aug-2021 12:02:23 Europe/Stockholm] Copy file '7.svg'
[26-Aug-2021 12:02:23 Europe/Stockholm] Copy file '8.gif'
[26-Aug-2021 12:02:23 Europe/Stockholm] Copy file '8.png'
[26-Aug-2021 12:02:23 Europe/Stockholm] Copy file '8.svg'
[26-Aug-2021 12:02:23 Europe/Stockholm] Copy file '9.gif'
[26-Aug-2021 12:02:23 Europe/Stockholm] Copy file '9.png'
[26-Aug-2021 12:02:23 Europe/Stockholm] Copy file '9.svg'
[26-Aug-2021 12:02:23 Europe/Stockholm] Filename: js/*
[26-Aug-2021 12:02:23 Europe/Stockholm] Source directory: /var/www/ccms/application/lib/docbook/xsl/html5
[26-Aug-2021 12:02:23 Europe/Stockholm] Target directory: /paligo/tmp/perspectum/production-6127669c7e7788.85316268/18296-Siemens_Acquisition_Help_Portal-html5/out
[26-Aug-2021 12:02:23 Europe/Stockholm] Copy file 'ajax-loading.js'
[26-Aug-2021 12:02:23 Europe/Stockholm] Copy file 'anchorlinks.js'
[26-Aug-2021 12:02:23 Europe/Stockholm] Copy file 'bootstrap.min.js'
[26-Aug-2021 12:02:23 Europe/Stockholm] Copy file 'checklist.js'
[26-Aug-2021 12:02:23 Europe/Stockholm] Copy file 'clipboard.min.js'
[26-Aug-2021 12:02:23 Europe/Stockholm] Copy file 'cookie-consent.js'
[26-Aug-2021 12:02:23 Europe/Stockholm] Copy file 'create-toc.js'
[26-Aug-2021 12:02:23 Europe/Stockholm] Copy file 'csh.js'
[26-Aug-2021 12:02:23 Europe/Stockholm] Copy file 'fuse.min.js'
[26-Aug-2021 12:02:23 Europe/Stockholm] Copy file 'hilitor.js'
[26-Aug-2021 12:02:23 Europe/Stockholm] Copy file 'html5-2-ajax-hp.js'
[26-Aug-2021 12:02:23 Europe/Stockholm] Copy file 'html5-2-ajax.js'
[26-Aug-2021 12:02:23 Europe/Stockholm] Copy file 'html5-2-mp-common.js'
[26-Aug-2021 12:02:23 Europe/Stockholm] Copy file 'html5-2-portal.js'
[26-Aug-2021 12:02:23 Europe/Stockholm] Copy file 'html5-2.js'
[26-Aug-2021 12:02:23 Europe/Stockholm] Copy file 'html5.algoliasearch.js'
[26-Aug-2021 12:02:23 Europe/Stockholm] Copy file 'html5.algoliasearchpage.js'
[26-Aug-2021 12:02:23 Europe/Stockholm] Copy file 'html5.fuse.search.js'
[26-Aug-2021 12:02:23 Europe/Stockholm] Copy file 'jquery-1.10.2.min.js'
[26-Aug-2021 12:02:23 Europe/Stockholm] Copy file 'jquery-1.10.2.min.map'
[26-Aug-2021 12:02:23 Europe/Stockholm] Copy file 'jquery-migrate-3.0.1.min.js'
[26-Aug-2021 12:02:23 Europe/Stockholm] Copy file 'jquery-ui-1.10.3.custom.min.js'
[26-Aug-2021 12:02:23 Europe/Stockholm] Copy file 'jquery.event.move.js'
[26-Aug-2021 12:02:23 Europe/Stockholm] Copy file 'jquery.event.swipe.js'
[26-Aug-2021 12:02:23 Europe/Stockholm] Copy file 'jquery.mark.min.js'
[26-Aug-2021 12:02:23 Europe/Stockholm] Copy file 'jquery.paligocode.js'
[26-Aug-2021 12:02:23 Europe/Stockholm] Copy file 'jquery.smartmenus.js'
[26-Aug-2021 12:02:23 Europe/Stockholm] Copy file 'jquery.sticky.js'
[26-Aug-2021 12:02:23 Europe/Stockholm] Copy file 'lunr-single-lang.js'
[26-Aug-2021 12:02:23 Europe/Stockholm] Copy file 'lunr.js'
[26-Aug-2021 12:02:23 Europe/Stockholm] Copy file 'materialize.min.js'
[26-Aug-2021 12:02:23 Europe/Stockholm] Copy file 'mspace.js'
[26-Aug-2021 12:02:23 Europe/Stockholm] Copy file 'purl.js'
[26-Aug-2021 12:02:23 Europe/Stockholm] Copy file 'respond.min.js'
[26-Aug-2021 12:02:23 Europe/Stockholm] Copy file 'responsive-tables.js'
[26-Aug-2021 12:02:23 Europe/Stockholm] Copy file 'rwd-table.min.js'
[26-Aug-2021 12:02:23 Europe/Stockholm] Copy file 'script-api.js'
[26-Aug-2021 12:02:23 Europe/Stockholm] Copy file 'script-revealjs-slides.js'
[26-Aug-2021 12:02:23 Europe/Stockholm] Copy file 'script.js'
[26-Aug-2021 12:02:23 Europe/Stockholm] Copy file 'search.js'
[26-Aug-2021 12:02:23 Europe/Stockholm] Copy file 'updateurl.js'
[26-Aug-2021 12:02:23 Europe/Stockholm] Filename: js/jquery-3/*
[26-Aug-2021 12:02:23 Europe/Stockholm] Source directory: /var/www/ccms/application/lib/docbook/xsl/html5
[26-Aug-2021 12:02:23 Europe/Stockholm] Target directory: /paligo/tmp/perspectum/production-6127669c7e7788.85316268/18296-Siemens_Acquisition_Help_Portal-html5/out
[26-Aug-2021 12:02:23 Europe/Stockholm] Copy file 'jquery-3.4.1.min.js'
[26-Aug-2021 12:02:23 Europe/Stockholm] Copy file 'jquery-3.5.1.min.js'
[26-Aug-2021 12:02:23 Europe/Stockholm] Copy file 'jquery-3.6.0.min.js'
[26-Aug-2021 12:02:23 Europe/Stockholm] Filename: fonts/*
[26-Aug-2021 12:02:23 Europe/Stockholm] Source directory: /var/www/ccms/application/lib/docbook/xsl/html5
[26-Aug-2021 12:02:23 Europe/Stockholm] Target directory: /paligo/tmp/perspectum/production-6127669c7e7788.85316268/18296-Siemens_Acquisition_Help_Portal-html5/out
[26-Aug-2021 12:02:23 Europe/Stockholm] Copy file 'FontAwesome.otf'
[26-Aug-2021 12:02:23 Europe/Stockholm] Copy file 'fontawesome-webfont.eot'
[26-Aug-2021 12:02:23 Europe/Stockholm] Copy file 'fontawesome-webfont.svg'
[26-Aug-2021 12:02:23 Europe/Stockholm] Copy file 'fontawesome-webfont.ttf'
[26-Aug-2021 12:02:23 Europe/Stockholm] Copy file 'fontawesome-webfont.woff'
[26-Aug-2021 12:02:23 Europe/Stockholm] Copy file 'fontawesome-webfont.woff2'
[26-Aug-2021 12:02:23 Europe/Stockholm] Copy file 'glyphicons-halflings-regular.eot'
[26-Aug-2021 12:02:23 Europe/Stockholm] Copy file 'glyphicons-halflings-regular.svg'
[26-Aug-2021 12:02:23 Europe/Stockholm] Copy file 'glyphicons-halflings-regular.ttf'
[26-Aug-2021 12:02:23 Europe/Stockholm] Copy file 'glyphicons-halflings-regular.woff'
[26-Aug-2021 12:02:23 Europe/Stockholm] Copy file 'glyphicons-halflings-regular.woff2'
[26-Aug-2021 12:02:23 Europe/Stockholm] Copy file 'roboto-v20-vietnamese_latin-ext_latin_greek-ext_greek_cyrillic-ext_cyrillic-300.eot'
[26-Aug-2021 12:02:23 Europe/Stockholm] Copy file 'roboto-v20-vietnamese_latin-ext_latin_greek-ext_greek_cyrillic-ext_cyrillic-300.svg'
[26-Aug-2021 12:02:23 Europe/Stockholm] Copy file 'roboto-v20-vietnamese_latin-ext_latin_greek-ext_greek_cyrillic-ext_cyrillic-300.ttf'
[26-Aug-2021 12:02:23 Europe/Stockholm] Copy file 'roboto-v20-vietnamese_latin-ext_latin_greek-ext_greek_cyrillic-ext_cyrillic-300.woff'
[26-Aug-2021 12:02:23 Europe/Stockholm] Copy file 'roboto-v20-vietnamese_latin-ext_latin_greek-ext_greek_cyrillic-ext_cyrillic-300.woff2'
[26-Aug-2021 12:02:23 Europe/Stockholm] Copy file 'roboto-v20-vietnamese_latin-ext_latin_greek-ext_greek_cyrillic-ext_cyrillic-700.eot'
[26-Aug-2021 12:02:23 Europe/Stockholm] Copy file 'roboto-v20-vietnamese_latin-ext_latin_greek-ext_greek_cyrillic-ext_cyrillic-700.svg'
[26-Aug-2021 12:02:23 Europe/Stockholm] Copy file 'roboto-v20-vietnamese_latin-ext_latin_greek-ext_greek_cyrillic-ext_cyrillic-700.ttf'
[26-Aug-2021 12:02:23 Europe/Stockholm] Copy file 'roboto-v20-vietnamese_latin-ext_latin_greek-ext_greek_cyrillic-ext_cyrillic-700.woff'
[26-Aug-2021 12:02:23 Europe/Stockholm] Copy file 'roboto-v20-vietnamese_latin-ext_latin_greek-ext_greek_cyrillic-ext_cyrillic-700.woff2'
[26-Aug-2021 12:02:23 Europe/Stockholm] Copy file 'roboto-v20-vietnamese_latin-ext_latin_greek-ext_greek_cyrillic-ext_cyrillic-regular.eot'
[26-Aug-2021 12:02:23 Europe/Stockholm] Copy file 'roboto-v20-vietnamese_latin-ext_latin_greek-ext_greek_cyrillic-ext_cyrillic-regular.svg'
[26-Aug-2021 12:02:23 Europe/Stockholm] Copy file 'roboto-v20-vietnamese_latin-ext_latin_greek-ext_greek_cyrillic-ext_cyrillic-regular.ttf'
[26-Aug-2021 12:02:23 Europe/Stockholm] Copy file 'roboto-v20-vietnamese_latin-ext_latin_greek-ext_greek_cyrillic-ext_cyrillic-regular.woff'
[26-Aug-2021 12:02:23 Europe/Stockholm] Copy file 'roboto-v20-vietnamese_latin-ext_latin_greek-ext_greek_cyrillic-ext_cyrillic-regular.woff2'
[26-Aug-2021 12:02:23 Europe/Stockholm] Parsing manifest file: css/*, css/image/*, css/image/callouts/*, js/*, fonts/*
[26-Aug-2021 12:02:23 Europe/Stockholm] Filename: css/*
[26-Aug-2021 12:02:23 Europe/Stockholm] Source directory: /var/www/ccms/application/lib/docbook/xsl/html5
[26-Aug-2021 12:02:23 Europe/Stockholm] Target directory: /paligo/tmp/perspectum/production-6127669c7e7788.85316268/18296-Siemens_Acquisition_Help_Portal-html5/out
[26-Aug-2021 12:02:23 Europe/Stockholm] Copy file 'bootstrap-3.0.2.min.css'
[26-Aug-2021 12:02:23 Europe/Stockholm] Copy file 'bootstrap-theme-3.0.2.min.css'
[26-Aug-2021 12:02:23 Europe/Stockholm] Copy file 'bootstrap-theme.min.css'
[26-Aug-2021 12:02:23 Europe/Stockholm] Copy file 'bootstrap-theme.min.css.map'
[26-Aug-2021 12:02:23 Europe/Stockholm] Copy file 'bootstrap.min.css'
[26-Aug-2021 12:02:23 Europe/Stockholm] Copy file 'bootstrap.min.css.map'
[26-Aug-2021 12:02:23 Europe/Stockholm] Copy file 'content-theme1.css'
[26-Aug-2021 12:02:23 Europe/Stockholm] Copy file 'content-theme2.css'
[26-Aug-2021 12:02:23 Europe/Stockholm] Copy file 'docbook.css'
[26-Aug-2021 12:02:23 Europe/Stockholm] Copy file 'font-awesome.css'
[26-Aug-2021 12:02:23 Europe/Stockholm] Copy file 'graphical-lists.css'
[26-Aug-2021 12:02:23 Europe/Stockholm] Copy file 'html5.algoliasearch.css'
[26-Aug-2021 12:02:23 Europe/Stockholm] Copy file 'html5.algoliasearchpage.css'
[26-Aug-2021 12:02:23 Europe/Stockholm] Copy file 'mathml.css'
[26-Aug-2021 12:02:23 Europe/Stockholm] Copy file 'roboto.font.css'
[26-Aug-2021 12:02:23 Europe/Stockholm] Copy file 'rwd-table.min.css'
[26-Aug-2021 12:02:23 Europe/Stockholm] Copy file 'sm-core-css.css'
[26-Aug-2021 12:02:23 Europe/Stockholm] Copy file 'sm-simple.css'
[26-Aug-2021 12:02:23 Europe/Stockholm] Copy file 'style-api-responsive.css'
[26-Aug-2021 12:02:23 Europe/Stockholm] Copy file 'style-api.css'
[26-Aug-2021 12:02:23 Europe/Stockholm] Copy file 'style-common.css'
[26-Aug-2021 12:02:23 Europe/Stockholm] Copy file 'style-index-page.css'
[26-Aug-2021 12:02:23 Europe/Stockholm] Copy file 'style-modern-tables.css'
[26-Aug-2021 12:02:23 Europe/Stockholm] Copy file 'style-print.css'
[26-Aug-2021 12:02:23 Europe/Stockholm] Copy file 'style-responsive.css'
[26-Aug-2021 12:02:23 Europe/Stockholm] Copy file 'style-revealjs-slides.css'
[26-Aug-2021 12:02:23 Europe/Stockholm] Copy file 'style-single-page.css'
[26-Aug-2021 12:02:23 Europe/Stockholm] Copy file 'style.css'
[26-Aug-2021 12:02:23 Europe/Stockholm] Copy file 'theme0.css'
[26-Aug-2021 12:02:23 Europe/Stockholm] Copy file 'theme1-colors.css'
[26-Aug-2021 12:02:23 Europe/Stockholm] Copy file 'theme1.css'
[26-Aug-2021 12:02:23 Europe/Stockholm] Copy file 'theme2-colors.css'
[26-Aug-2021 12:02:23 Europe/Stockholm] Copy file 'theme2.css'
[26-Aug-2021 12:02:23 Europe/Stockholm] Copy file 'theme3-colors.css'
[26-Aug-2021 12:02:23 Europe/Stockholm] Copy file 'theme3.css'
[26-Aug-2021 12:02:23 Europe/Stockholm] Copy file 'theme3b-colors.css'
[26-Aug-2021 12:02:23 Europe/Stockholm] Copy file 'theme3b.css'
[26-Aug-2021 12:02:23 Europe/Stockholm] Filename: css/image/*
[26-Aug-2021 12:02:23 Europe/Stockholm] Source directory: /var/www/ccms/application/lib/docbook/xsl/html5
[26-Aug-2021 12:02:23 Europe/Stockholm] Target directory: /paligo/tmp/perspectum/production-6127669c7e7788.85316268/18296-Siemens_Acquisition_Help_Portal-html5/out
[26-Aug-2021 12:02:23 Europe/Stockholm] Copy file 'breadcrumb-seperator.png'
[26-Aug-2021 12:02:23 Europe/Stockholm] Copy file 'caution.png'
[26-Aug-2021 12:02:23 Europe/Stockholm] Copy file 'corporate-logo-blue-inverted.svg'
[26-Aug-2021 12:02:23 Europe/Stockholm] Copy file 'corporate-logo-blue.svg'
[26-Aug-2021 12:02:23 Europe/Stockholm] Copy file 'corporate-logo-white.png'
[26-Aug-2021 12:02:23 Europe/Stockholm] Copy file 'corporate-logo-white.svg'
[26-Aug-2021 12:02:23 Europe/Stockholm] Copy file 'corporate-logo.png'
[26-Aug-2021 12:02:23 Europe/Stockholm] Copy file 'corporate-logo.svg'
[26-Aug-2021 12:02:23 Europe/Stockholm] Copy file 'important.png'
[26-Aug-2021 12:02:23 Europe/Stockholm] Copy file 'note.png'
[26-Aug-2021 12:02:23 Europe/Stockholm] Copy file 'portal1-bg.jpg'
[26-Aug-2021 12:02:23 Europe/Stockholm] Copy file 'portal2a-bg.jpg'
[26-Aug-2021 12:02:23 Europe/Stockholm] Copy file 'portal2b-bg.jpg'
[26-Aug-2021 12:02:23 Europe/Stockholm] Copy file 'portal2c-bg.jpg'
[26-Aug-2021 12:02:23 Europe/Stockholm] Copy file 'subheader-bg.png'
[26-Aug-2021 12:02:23 Europe/Stockholm] Copy file 'warning.png'
[26-Aug-2021 12:02:23 Europe/Stockholm] Filename: css/image/callouts/*
[26-Aug-2021 12:02:23 Europe/Stockholm] Source directory: /var/www/ccms/application/lib/docbook/xsl/html5
[26-Aug-2021 12:02:23 Europe/Stockholm] Target directory: /paligo/tmp/perspectum/production-6127669c7e7788.85316268/18296-Siemens_Acquisition_Help_Portal-html5/out
[26-Aug-2021 12:02:23 Europe/Stockholm] Copy file '1.gif'
[26-Aug-2021 12:02:23 Europe/Stockholm] Copy file '1.png'
[26-Aug-2021 12:02:23 Europe/Stockholm] Copy file '1.svg'
[26-Aug-2021 12:02:23 Europe/Stockholm] Copy file '10.gif'
[26-Aug-2021 12:02:23 Europe/Stockholm] Copy file '10.png'
[26-Aug-2021 12:02:23 Europe/Stockholm] Copy file '10.svg'
[26-Aug-2021 12:02:23 Europe/Stockholm] Copy file '11.gif'
[26-Aug-2021 12:02:23 Europe/Stockholm] Copy file '11.png'
[26-Aug-2021 12:02:23 Europe/Stockholm] Copy file '11.svg'
[26-Aug-2021 12:02:23 Europe/Stockholm] Copy file '12.gif'
[26-Aug-2021 12:02:23 Europe/Stockholm] Copy file '12.png'
[26-Aug-2021 12:02:23 Europe/Stockholm] Copy file '12.svg'
[26-Aug-2021 12:02:23 Europe/Stockholm] Copy file '13.gif'
[26-Aug-2021 12:02:23 Europe/Stockholm] Copy file '13.png'
[26-Aug-2021 12:02:23 Europe/Stockholm] Copy file '13.svg'
[26-Aug-2021 12:02:23 Europe/Stockholm] Copy file '14.gif'
[26-Aug-2021 12:02:23 Europe/Stockholm] Copy file '14.png'
[26-Aug-2021 12:02:23 Europe/Stockholm] Copy file '14.svg'
[26-Aug-2021 12:02:23 Europe/Stockholm] Copy file '15.gif'
[26-Aug-2021 12:02:23 Europe/Stockholm] Copy file '15.png'
[26-Aug-2021 12:02:23 Europe/Stockholm] Copy file '15.svg'
[26-Aug-2021 12:02:23 Europe/Stockholm] Copy file '16.svg'
[26-Aug-2021 12:02:23 Europe/Stockholm] Copy file '17.svg'
[26-Aug-2021 12:02:23 Europe/Stockholm] Copy file '18.svg'
[26-Aug-2021 12:02:23 Europe/Stockholm] Copy file '19.svg'
[26-Aug-2021 12:02:23 Europe/Stockholm] Copy file '2.gif'
[26-Aug-2021 12:02:23 Europe/Stockholm] Copy file '2.png'
[26-Aug-2021 12:02:23 Europe/Stockholm] Copy file '2.svg'
[26-Aug-2021 12:02:23 Europe/Stockholm] Copy file '20.svg'
[26-Aug-2021 12:02:23 Europe/Stockholm] Copy file '21.svg'
[26-Aug-2021 12:02:23 Europe/Stockholm] Copy file '22.svg'
[26-Aug-2021 12:02:23 Europe/Stockholm] Copy file '23.svg'
[26-Aug-2021 12:02:23 Europe/Stockholm] Copy file '24.svg'
[26-Aug-2021 12:02:23 Europe/Stockholm] Copy file '25.svg'
[26-Aug-2021 12:02:23 Europe/Stockholm] Copy file '26.svg'
[26-Aug-2021 12:02:23 Europe/Stockholm] Copy file '27.svg'
[26-Aug-2021 12:02:23 Europe/Stockholm] Copy file '28.svg'
[26-Aug-2021 12:02:23 Europe/Stockholm] Copy file '29.svg'
[26-Aug-2021 12:02:23 Europe/Stockholm] Copy file '3.gif'
[26-Aug-2021 12:02:23 Europe/Stockholm] Copy file '3.png'
[26-Aug-2021 12:02:23 Europe/Stockholm] Copy file '3.svg'
[26-Aug-2021 12:02:23 Europe/Stockholm] Copy file '30.svg'
[26-Aug-2021 12:02:23 Europe/Stockholm] Copy file '4.gif'
[26-Aug-2021 12:02:23 Europe/Stockholm] Copy file '4.png'
[26-Aug-2021 12:02:23 Europe/Stockholm] Copy file '4.svg'
[26-Aug-2021 12:02:23 Europe/Stockholm] Copy file '5.gif'
[26-Aug-2021 12:02:23 Europe/Stockholm] Copy file '5.png'
[26-Aug-2021 12:02:23 Europe/Stockholm] Copy file '5.svg'
[26-Aug-2021 12:02:23 Europe/Stockholm] Copy file '6.gif'
[26-Aug-2021 12:02:23 Europe/Stockholm] Copy file '6.png'
[26-Aug-2021 12:02:23 Europe/Stockholm] Copy file '6.svg'
[26-Aug-2021 12:02:23 Europe/Stockholm] Copy file '7.gif'
[26-Aug-2021 12:02:23 Europe/Stockholm] Copy file '7.png'
[26-Aug-2021 12:02:23 Europe/Stockholm] Copy file '7.svg'
[26-Aug-2021 12:02:23 Europe/Stockholm] Copy file '8.gif'
[26-Aug-2021 12:02:23 Europe/Stockholm] Copy file '8.png'
[26-Aug-2021 12:02:23 Europe/Stockholm] Copy file '8.svg'
[26-Aug-2021 12:02:23 Europe/Stockholm] Copy file '9.gif'
[26-Aug-2021 12:02:23 Europe/Stockholm] Copy file '9.png'
[26-Aug-2021 12:02:23 Europe/Stockholm] Copy file '9.svg'
[26-Aug-2021 12:02:23 Europe/Stockholm] Filename: js/*
[26-Aug-2021 12:02:23 Europe/Stockholm] Source directory: /var/www/ccms/application/lib/docbook/xsl/html5
[26-Aug-2021 12:02:23 Europe/Stockholm] Target directory: /paligo/tmp/perspectum/production-6127669c7e7788.85316268/18296-Siemens_Acquisition_Help_Portal-html5/out
[26-Aug-2021 12:02:23 Europe/Stockholm] Copy file 'ajax-loading.js'
[26-Aug-2021 12:02:23 Europe/Stockholm] Copy file 'anchorlinks.js'
[26-Aug-2021 12:02:23 Europe/Stockholm] Copy file 'bootstrap.min.js'
[26-Aug-2021 12:02:23 Europe/Stockholm] Copy file 'checklist.js'
[26-Aug-2021 12:02:23 Europe/Stockholm] Copy file 'clipboard.min.js'
[26-Aug-2021 12:02:23 Europe/Stockholm] Copy file 'cookie-consent.js'
[26-Aug-2021 12:02:23 Europe/Stockholm] Copy file 'create-toc.js'
[26-Aug-2021 12:02:23 Europe/Stockholm] Copy file 'csh.js'
[26-Aug-2021 12:02:23 Europe/Stockholm] Copy file 'fuse.min.js'
[26-Aug-2021 12:02:23 Europe/Stockholm] Copy file 'hilitor.js'
[26-Aug-2021 12:02:23 Europe/Stockholm] Copy file 'html5-2-ajax-hp.js'
[26-Aug-2021 12:02:23 Europe/Stockholm] Copy file 'html5-2-ajax.js'
[26-Aug-2021 12:02:23 Europe/Stockholm] Copy file 'html5-2-mp-common.js'
[26-Aug-2021 12:02:23 Europe/Stockholm] Copy file 'html5-2-portal.js'
[26-Aug-2021 12:02:23 Europe/Stockholm] Copy file 'html5-2.js'
[26-Aug-2021 12:02:23 Europe/Stockholm] Copy file 'html5.algoliasearch.js'
[26-Aug-2021 12:02:23 Europe/Stockholm] Copy file 'html5.algoliasearchpage.js'
[26-Aug-2021 12:02:23 Europe/Stockholm] Copy file 'html5.fuse.search.js'
[26-Aug-2021 12:02:23 Europe/Stockholm] Copy file 'jquery-1.10.2.min.js'
[26-Aug-2021 12:02:23 Europe/Stockholm] Copy file 'jquery-1.10.2.min.map'
[26-Aug-2021 12:02:23 Europe/Stockholm] Copy file 'jquery-migrate-3.0.1.min.js'
[26-Aug-2021 12:02:23 Europe/Stockholm] Copy file 'jquery-ui-1.10.3.custom.min.js'
[26-Aug-2021 12:02:23 Europe/Stockholm] Copy file 'jquery.event.move.js'
[26-Aug-2021 12:02:23 Europe/Stockholm] Copy file 'jquery.event.swipe.js'
[26-Aug-2021 12:02:23 Europe/Stockholm] Copy file 'jquery.mark.min.js'
[26-Aug-2021 12:02:23 Europe/Stockholm] Copy file 'jquery.paligocode.js'
[26-Aug-2021 12:02:23 Europe/Stockholm] Copy file 'jquery.smartmenus.js'
[26-Aug-2021 12:02:23 Europe/Stockholm] Copy file 'jquery.sticky.js'
[26-Aug-2021 12:02:23 Europe/Stockholm] Copy file 'lunr-single-lang.js'
[26-Aug-2021 12:02:23 Europe/Stockholm] Copy file 'lunr.js'
[26-Aug-2021 12:02:23 Europe/Stockholm] Copy file 'materialize.min.js'
[26-Aug-2021 12:02:23 Europe/Stockholm] Copy file 'mspace.js'
[26-Aug-2021 12:02:23 Europe/Stockholm] Copy file 'purl.js'
[26-Aug-2021 12:02:23 Europe/Stockholm] Copy file 'respond.min.js'
[26-Aug-2021 12:02:23 Europe/Stockholm] Copy file 'responsive-tables.js'
[26-Aug-2021 12:02:23 Europe/Stockholm] Copy file 'rwd-table.min.js'
[26-Aug-2021 12:02:23 Europe/Stockholm] Copy file 'script-api.js'
[26-Aug-2021 12:02:23 Europe/Stockholm] Copy file 'script-revealjs-slides.js'
[26-Aug-2021 12:02:23 Europe/Stockholm] Copy file 'script.js'
[26-Aug-2021 12:02:23 Europe/Stockholm] Copy file 'search.js'
[26-Aug-2021 12:02:23 Europe/Stockholm] Copy file 'updateurl.js'
[26-Aug-2021 12:02:23 Europe/Stockholm] Filename: fonts/*
[26-Aug-2021 12:02:23 Europe/Stockholm] Source directory: /var/www/ccms/application/lib/docbook/xsl/html5
[26-Aug-2021 12:02:23 Europe/Stockholm] Target directory: /paligo/tmp/perspectum/production-6127669c7e7788.85316268/18296-Siemens_Acquisition_Help_Portal-html5/out
[26-Aug-2021 12:02:23 Europe/Stockholm] Copy file 'FontAwesome.otf'
[26-Aug-2021 12:02:23 Europe/Stockholm] Copy file 'fontawesome-webfont.eot'
[26-Aug-2021 12:02:23 Europe/Stockholm] Copy file 'fontawesome-webfont.svg'
[26-Aug-2021 12:02:23 Europe/Stockholm] Copy file 'fontawesome-webfont.ttf'
[26-Aug-2021 12:02:23 Europe/Stockholm] Copy file 'fontawesome-webfont.woff'
[26-Aug-2021 12:02:23 Europe/Stockholm] Copy file 'fontawesome-webfont.woff2'
[26-Aug-2021 12:02:23 Europe/Stockholm] Copy file 'glyphicons-halflings-regular.eot'
[26-Aug-2021 12:02:23 Europe/Stockholm] Copy file 'glyphicons-halflings-regular.svg'
[26-Aug-2021 12:02:23 Europe/Stockholm] Copy file 'glyphicons-halflings-regular.ttf'
[26-Aug-2021 12:02:23 Europe/Stockholm] Copy file 'glyphicons-halflings-regular.woff'
[26-Aug-2021 12:02:23 Europe/Stockholm] Copy file 'glyphicons-halflings-regular.woff2'
[26-Aug-2021 12:02:23 Europe/Stockholm] Copy file 'roboto-v20-vietnamese_latin-ext_latin_greek-ext_greek_cyrillic-ext_cyrillic-300.eot'
[26-Aug-2021 12:02:23 Europe/Stockholm] Copy file 'roboto-v20-vietnamese_latin-ext_latin_greek-ext_greek_cyrillic-ext_cyrillic-300.svg'
[26-Aug-2021 12:02:23 Europe/Stockholm] Copy file 'roboto-v20-vietnamese_latin-ext_latin_greek-ext_greek_cyrillic-ext_cyrillic-300.ttf'
[26-Aug-2021 12:02:23 Europe/Stockholm] Copy file 'roboto-v20-vietnamese_latin-ext_latin_greek-ext_greek_cyrillic-ext_cyrillic-300.woff'
[26-Aug-2021 12:02:23 Europe/Stockholm] Copy file 'roboto-v20-vietnamese_latin-ext_latin_greek-ext_greek_cyrillic-ext_cyrillic-300.woff2'
[26-Aug-2021 12:02:23 Europe/Stockholm] Copy file 'roboto-v20-vietnamese_latin-ext_latin_greek-ext_greek_cyrillic-ext_cyrillic-700.eot'
[26-Aug-2021 12:02:23 Europe/Stockholm] Copy file 'roboto-v20-vietnamese_latin-ext_latin_greek-ext_greek_cyrillic-ext_cyrillic-700.svg'
[26-Aug-2021 12:02:23 Europe/Stockholm] Copy file 'roboto-v20-vietnamese_latin-ext_latin_greek-ext_greek_cyrillic-ext_cyrillic-700.ttf'
[26-Aug-2021 12:02:23 Europe/Stockholm] Copy file 'roboto-v20-vietnamese_latin-ext_latin_greek-ext_greek_cyrillic-ext_cyrillic-700.woff'
[26-Aug-2021 12:02:23 Europe/Stockholm] Copy file 'roboto-v20-vietnamese_latin-ext_latin_greek-ext_greek_cyrillic-ext_cyrillic-700.woff2'
[26-Aug-2021 12:02:23 Europe/Stockholm] Copy file 'roboto-v20-vietnamese_latin-ext_latin_greek-ext_greek_cyrillic-ext_cyrillic-regular.eot'
[26-Aug-2021 12:02:23 Europe/Stockholm] Copy file 'roboto-v20-vietnamese_latin-ext_latin_greek-ext_greek_cyrillic-ext_cyrillic-regular.svg'
[26-Aug-2021 12:02:23 Europe/Stockholm] Copy file 'roboto-v20-vietnamese_latin-ext_latin_greek-ext_greek_cyrillic-ext_cyrillic-regular.ttf'
[26-Aug-2021 12:02:23 Europe/Stockholm] Copy file 'roboto-v20-vietnamese_latin-ext_latin_greek-ext_greek_cyrillic-ext_cyrillic-regular.woff'
[26-Aug-2021 12:02:23 Europe/Stockholm] Copy file 'roboto-v20-vietnamese_latin-ext_latin_greek-ext_greek_cyrillic-ext_cyrillic-regular.woff2'
[26-Aug-2021 12:02:23 Europe/Stockholm] Copy file '/var/www/ccms/usr/perspectum/xsl/custom/assets/layout-17630/60f82c7881c03.png' to '/paligo/tmp/perspectum/production-6127669c7e7788.85316268/18296-Siemens_Acquisition_Help_Portal-html5/out/css/image/corporate-logo.png'
[26-Aug-2021 12:02:23 Europe/Stockholm] Copy file '/var/www/ccms/usr/perspectum/xsl/custom/assets/layout-17630/6101890b8405c.png' to '/paligo/tmp/perspectum/production-6127669c7e7788.85316268/18296-Siemens_Acquisition_Help_Portal-html5/out/css/image/portal-logo.png'
[26-Aug-2021 12:02:23 Europe/Stockholm] Copy file '/var/www/ccms/usr/perspectum/xsl/custom/assets/layout-17630/610188e14a690.png' to '/paligo/tmp/perspectum/production-6127669c7e7788.85316268/18296-Siemens_Acquisition_Help_Portal-html5/out/css/image/portal-bg.png'
[26-Aug-2021 12:02:23 Europe/Stockholm] Copy file '/var/www/ccms/usr/perspectum/xsl/custom/assets/layout-17630/60f96ff23fc20.ico' to '/paligo/tmp/perspectum/production-6127669c7e7788.85316268/18296-Siemens_Acquisition_Help_Portal-html5/out/favicon.ico'
[26-Aug-2021 12:02:24 Europe/Stockholm] Post build HTML5
[26/Aug/2021 12:02:24 Europe/Stockholm] [Info] Transformation: index-en.html -> toc-en.html [612766ab9fd45.toc.xsl]
[26/Aug/2021 12:02:25 Europe/Stockholm] [Info] Transformation: 8809-8810-lms-glossary.html -> 8809-8810-lms-glossary.html [612766ab9fd45.page.xsl]
[26/Aug/2021 12:02:25 Europe/Stockholm] [Info] Transformation: 8809-8812-scope.html -> 8809-8812-scope.html [612766ab9fd45.page.xsl]
[26/Aug/2021 12:02:25 Europe/Stockholm] [Info] Transformation: 8809-8813-continuing-education.html -> 8809-8813-continuing-education.html [612766ab9fd45.page.xsl]
[26/Aug/2021 12:02:25 Europe/Stockholm] [Info] Transformation: 8809-8814-compatibility-and-requirements.html -> 8809-8814-compatibility-and-requirements.html [612766ab9fd45.page.xsl]
[26/Aug/2021 12:02:25 Europe/Stockholm] [Info] Transformation: 8809-8811-lms-introduction.html -> 8809-8811-lms-introduction.html [612766ab9fd45.page.xsl]
[26/Aug/2021 12:02:25 Europe/Stockholm] [Info] Transformation: 8809-8819-patient-registration.html -> 8809-8819-patient-registration.html [612766ab9fd45.page.xsl]
[26/Aug/2021 12:02:25 Europe/Stockholm] [Info] Transformation: 8809-8820-breath-hold-instructions.html -> 8809-8820-breath-hold-instructions.html [612766ab9fd45.page.xsl]
[26/Aug/2021 12:02:25 Europe/Stockholm] [Info] Transformation: 8809-8821-patient-preparation.html -> 8809-8821-patient-preparation.html [612766ab9fd45.page.xsl]
[26/Aug/2021 12:02:25 Europe/Stockholm] [Info] Transformation: 8809-8823-cardiac-trace-input.html -> 8809-8823-cardiac-trace-input.html [612766ab9fd45.page.xsl]
[26/Aug/2021 12:02:25 Europe/Stockholm] [Info] Transformation: 8809-8818-preparation.html -> 8809-8818-preparation.html [612766ab9fd45.page.xsl]
[26/Aug/2021 12:02:25 Europe/Stockholm] [Info] Transformation: 8809-8827-localisation-protocols.html -> 8809-8827-localisation-protocols.html [612766ab9fd45.page.xsl]
[26/Aug/2021 12:02:25 Europe/Stockholm] [Info] Transformation: 8809-8830-lms-imaging-location.html -> 8809-8830-lms-imaging-location.html [612766ab9fd45.page.xsl]
[26/Aug/2021 12:02:25 Europe/Stockholm] [Info] Transformation: 8809-8833-liver-lms-ideal.html -> 8809-8833-liver-lms-ideal.html [612766ab9fd45.page.xsl]
[26/Aug/2021 12:02:25 Europe/Stockholm] [Info] Transformation: 8809-8834-liver-lms-most.html -> 8809-8834-liver-lms-most.html [612766ab9fd45.page.xsl]
[26/Aug/2021 12:02:25 Europe/Stockholm] [Info] Transformation: 8809-8835-liver-lms-t2star-dixon-after-lms-most.html -> 8809-8835-liver-lms-t2star-dixon-after-lms-most.html [612766ab9fd45.page.xsl]
[26/Aug/2021 12:02:25 Europe/Stockholm] [Info] Transformation: 8809-8836-liver-lms-molli.html -> 8809-8836-liver-lms-molli.html [612766ab9fd45.page.xsl]
[26/Aug/2021 12:02:25 Europe/Stockholm] [Info] Transformation: 8809-8826-lms-acquisition-instructions.html -> 8809-8826-lms-acquisition-instructions.html [612766ab9fd45.page.xsl]
[26/Aug/2021 12:02:25 Europe/Stockholm] [Info] Transformation: 8809-8842-data-export.html -> 8809-8842-data-export.html [612766ab9fd45.page.xsl]
[26/Aug/2021 12:02:25 Europe/Stockholm] [Info] Transformation: 8809-8838-acquisition-checklist.html -> 8809-8838-acquisition-checklist.html [612766ab9fd45.page.xsl]
[26/Aug/2021 12:02:25 Europe/Stockholm] [Info] Transformation: 8809-8843-lms-issue-control.html -> 8809-8843-lms-issue-control.html [612766ab9fd45.page.xsl]
[26/Aug/2021 12:02:25 Europe/Stockholm] [Info] Transformation: 8809-8844-approvals.html -> 8809-8844-approvals.html [612766ab9fd45.page.xsl]
[26/Aug/2021 12:02:25 Europe/Stockholm] [Info] Transformation: 8809-8809-lms-patient-acquisition-manual.html -> 8809-8809-lms-patient-acquisition-manual.html [612766ab9fd45.page.xsl]
[26/Aug/2021 12:02:25 Europe/Stockholm] [Info] Transformation: 11157-11253-lms-glossary-for-hepatica.html -> 11157-11253-lms-glossary-for-hepatica.html [612766ab9fd45.page.xsl]
[26/Aug/2021 12:02:25 Europe/Stockholm] [Info] Transformation: 11157-11160-scope.html -> 11157-11160-scope.html [612766ab9fd45.page.xsl]
[26/Aug/2021 12:02:25 Europe/Stockholm] [Info] Transformation: 11157-11161-continuing-education.html -> 11157-11161-continuing-education.html [612766ab9fd45.page.xsl]
[26/Aug/2021 12:02:25 Europe/Stockholm] [Info] Transformation: 11157-11162-compatibility-and-requirements.html -> 11157-11162-compatibility-and-requirements.html [612766ab9fd45.page.xsl]
[26/Aug/2021 12:02:25 Europe/Stockholm] [Info] Transformation: 11157-11196-references-hepatica.html -> 11157-11196-references-hepatica.html [612766ab9fd45.page.xsl]
[26/Aug/2021 12:02:25 Europe/Stockholm] [Info] Transformation: 11157-11159-lms-introduction.html -> 11157-11159-lms-introduction.html [612766ab9fd45.page.xsl]
[26/Aug/2021 12:02:25 Europe/Stockholm] [Info] Transformation: 11157-11167-patient-registration.html -> 11157-11167-patient-registration.html [612766ab9fd45.page.xsl]
[26/Aug/2021 12:02:25 Europe/Stockholm] [Info] Transformation: 11157-11168-breath-hold-instructions.html -> 11157-11168-breath-hold-instructions.html [612766ab9fd45.page.xsl]
[26/Aug/2021 12:02:25 Europe/Stockholm] [Info] Transformation: 11157-11169-patient-preparation.html -> 11157-11169-patient-preparation.html [612766ab9fd45.page.xsl]
[26/Aug/2021 12:02:25 Europe/Stockholm] [Info] Transformation: 11157-11171-cardiac-trace-input.html -> 11157-11171-cardiac-trace-input.html [612766ab9fd45.page.xsl]
[26/Aug/2021 12:02:25 Europe/Stockholm] [Info] Transformation: 11157-11166-preparation.html -> 11157-11166-preparation.html [612766ab9fd45.page.xsl]
[26/Aug/2021 12:02:25 Europe/Stockholm] [Info] Transformation: 11157-11175-localisation-protocols.html -> 11157-11175-localisation-protocols.html [612766ab9fd45.page.xsl]
[26/Aug/2021 12:02:25 Europe/Stockholm] [Info] Transformation: 11157-11197-volume-acquisition.html -> 11157-11197-volume-acquisition.html [612766ab9fd45.page.xsl]
[26/Aug/2021 12:02:25 Europe/Stockholm] [Info] Transformation: 11157-11178-lms-imaging-location.html -> 11157-11178-lms-imaging-location.html [612766ab9fd45.page.xsl]
[26/Aug/2021 12:02:25 Europe/Stockholm] [Info] Transformation: 11157-11181-liver-lms-ideal.html -> 11157-11181-liver-lms-ideal.html [612766ab9fd45.page.xsl]
[26/Aug/2021 12:02:25 Europe/Stockholm] [Info] Transformation: 11157-11182-liver-lms-most.html -> 11157-11182-liver-lms-most.html [612766ab9fd45.page.xsl]
[26/Aug/2021 12:02:25 Europe/Stockholm] [Info] Transformation: 11157-11183-liver-lms-t2star-dixon-after-lms-most.html -> 11157-11183-liver-lms-t2star-dixon-after-lms-most.html [612766ab9fd45.page.xsl]
[26/Aug/2021 12:02:25 Europe/Stockholm] [Info] Transformation: 11157-11184-liver-lms-molli.html -> 11157-11184-liver-lms-molli.html [612766ab9fd45.page.xsl]
[26/Aug/2021 12:02:25 Europe/Stockholm] [Info] Transformation: 11157-11174-lms-acquisition-instructions.html -> 11157-11174-lms-acquisition-instructions.html [612766ab9fd45.page.xsl]
[26/Aug/2021 12:02:25 Europe/Stockholm] [Info] Transformation: 11157-11185-data-export.html -> 11157-11185-data-export.html [612766ab9fd45.page.xsl]
[26/Aug/2021 12:02:25 Europe/Stockholm] [Info] Transformation: 11157-11251-acquisition-checklist.html -> 11157-11251-acquisition-checklist.html [612766ab9fd45.page.xsl]
[26/Aug/2021 12:02:25 Europe/Stockholm] [Info] Transformation: 11157-11966-issue-control-hepatica-md.html -> 11157-11966-issue-control-hepatica-md.html [612766ab9fd45.page.xsl]
[26/Aug/2021 12:02:25 Europe/Stockholm] [Info] Transformation: 11157-11188-approvals-lms-md-v4.html -> 11157-11188-approvals-lms-md-v4.html [612766ab9fd45.page.xsl]
[26/Aug/2021 12:02:25 Europe/Stockholm] [Info] Transformation: 11157-11157-medical-device-lms-v4-patient-acquisition-manual.html -> 11157-11157-medical-device-lms-v4-patient-acquisition-manual.html [612766ab9fd45.page.xsl]
[26/Aug/2021 12:02:25 Europe/Stockholm] [Info] Transformation: 10960-14021-glossary.html -> 10960-14021-glossary.html [612766ab9fd45.page.xsl]
[26/Aug/2021 12:02:25 Europe/Stockholm] [Info] Transformation: 10960-14112-scope.html -> 10960-14112-scope.html [612766ab9fd45.page.xsl]
[26/Aug/2021 12:02:25 Europe/Stockholm] [Info] Transformation: 10960-14373-continuing-education.html -> 10960-14373-continuing-education.html [612766ab9fd45.page.xsl]
[26/Aug/2021 12:02:25 Europe/Stockholm] [Info] Transformation: 10960-11121-compatibility-and-requirements.html -> 10960-11121-compatibility-and-requirements.html [612766ab9fd45.page.xsl]
[26/Aug/2021 12:02:26 Europe/Stockholm] [Info] Transformation: 10960-14145-lms-introduction.html -> 10960-14145-lms-introduction.html [612766ab9fd45.page.xsl]
[26/Aug/2021 12:02:26 Europe/Stockholm] [Info] Transformation: 10960-10969-patient-registration.html -> 10960-10969-patient-registration.html [612766ab9fd45.page.xsl]
[26/Aug/2021 12:02:26 Europe/Stockholm] [Info] Transformation: 10960-11108-patient-positioning.html -> 10960-11108-patient-positioning.html [612766ab9fd45.page.xsl]
[26/Aug/2021 12:02:26 Europe/Stockholm] [Info] Transformation: 10960-10972-breathing-instructions.html -> 10960-10972-breathing-instructions.html [612766ab9fd45.page.xsl]
[26/Aug/2021 12:02:26 Europe/Stockholm] [Info] Transformation: 10960-10970-pre-scan-preparation.html -> 10960-10970-pre-scan-preparation.html [612766ab9fd45.page.xsl]
[26/Aug/2021 12:02:26 Europe/Stockholm] [Info] Transformation: 10960-11128-three-plane.html -> 10960-11128-three-plane.html [612766ab9fd45.page.xsl]
[26/Aug/2021 12:02:26 Europe/Stockholm] [Info] Transformation: 10960-13979-liver-to-kidney.html -> 10960-13979-liver-to-kidney.html [612766ab9fd45.page.xsl]
[26/Aug/2021 12:02:26 Europe/Stockholm] [Info] Transformation: 10960-10976-liver-lms-sequences.html -> 10960-10976-liver-lms-sequences.html [612766ab9fd45.page.xsl]
[26/Aug/2021 12:02:26 Europe/Stockholm] [Info] Transformation: 10960-13991-pancreas-molli.html -> 10960-13991-pancreas-molli.html [612766ab9fd45.page.xsl]
[26/Aug/2021 12:02:26 Europe/Stockholm] [Info] Transformation: 10960-14003-pancreas-ideal.html -> 10960-14003-pancreas-ideal.html [612766ab9fd45.page.xsl]
[26/Aug/2021 12:02:26 Europe/Stockholm] [Info] Transformation: 10960-11024-kidneys-molli.html -> 10960-11024-kidneys-molli.html [612766ab9fd45.page.xsl]
[26/Aug/2021 12:02:26 Europe/Stockholm] [Info] Transformation: 10960-11155-cardiac-trace-simulator-off-and-coil-coverage-adjustment.html -> 10960-11155-cardiac-trace-simulator-off-and-coil-coverage-adjustment.html [612766ab9fd45.page.xsl]
[26/Aug/2021 12:02:26 Europe/Stockholm] [Info] Transformation: 10960-10984-cardiac-planning-localiser.html -> 10960-10984-cardiac-planning-localiser.html [612766ab9fd45.page.xsl]
[26/Aug/2021 12:02:26 Europe/Stockholm] [Info] Transformation: 10960-10985-two-chamber-localiser--vertical-long-axis---vla-.html -> 10960-10985-two-chamber-localiser--vertical-long-axis---vla-.html [612766ab9fd45.page.xsl]
[26/Aug/2021 12:02:26 Europe/Stockholm] [Info] Transformation: 10960-10986-four-chamber-localiser--horizontal-long-axis---hla-.html -> 10960-10986-four-chamber-localiser--horizontal-long-axis---hla-.html [612766ab9fd45.page.xsl]
[26/Aug/2021 12:02:26 Europe/Stockholm] [Info] Transformation: 10960-10987-short-axis-stack-localiser.html -> 10960-10987-short-axis-stack-localiser.html [612766ab9fd45.page.xsl]
[26/Aug/2021 12:02:26 Europe/Stockholm] [Info] Transformation: 10960-14347-cine-acquisitions.html -> 10960-14347-cine-acquisitions.html [612766ab9fd45.page.xsl]
[26/Aug/2021 12:02:26 Europe/Stockholm] [Info] Transformation: 10960-10992-cardiac-t1-map.html -> 10960-10992-cardiac-t1-map.html [612766ab9fd45.page.xsl]
[26/Aug/2021 12:02:26 Europe/Stockholm] [Info] Transformation: 10960-14057-cardiac-t2-map.html -> 10960-14057-cardiac-t2-map.html [612766ab9fd45.page.xsl]
[26/Aug/2021 12:02:26 Europe/Stockholm] [Info] Transformation: 10960-14422-lung-planning-localiser.html -> 10960-14422-lung-planning-localiser.html [612766ab9fd45.page.xsl]
[26/Aug/2021 12:02:26 Europe/Stockholm] [Info] Transformation: 10960-14123-lung-imaging.html -> 10960-14123-lung-imaging.html [612766ab9fd45.page.xsl]
[26/Aug/2021 12:02:26 Europe/Stockholm] [Info] Transformation: 10960-11109-acquisition-guide.html -> 10960-11109-acquisition-guide.html [612766ab9fd45.page.xsl]
[26/Aug/2021 12:02:26 Europe/Stockholm] [Info] Transformation: 10960-11106-data-export.html -> 10960-11106-data-export.html [612766ab9fd45.page.xsl]
[26/Aug/2021 12:02:26 Europe/Stockholm] [Info] Transformation: 10960-11070-acquisition-checklist.html -> 10960-11070-acquisition-checklist.html [612766ab9fd45.page.xsl]
[26/Aug/2021 12:02:26 Europe/Stockholm] [Info] Transformation: 10960-14408-issue-control-coverscan-md.html -> 10960-14408-issue-control-coverscan-md.html [612766ab9fd45.page.xsl]
[26/Aug/2021 12:02:26 Europe/Stockholm] [Info] Transformation: 10960-10997-approvals.html -> 10960-10997-approvals.html [612766ab9fd45.page.xsl]
[26/Aug/2021 12:02:26 Europe/Stockholm] [Info] Transformation: 10960-10960-coverscan-patient-acquisition-manual-for-scanners.html -> 10960-10960-coverscan-patient-acquisition-manual-for-scanners.html [612766ab9fd45.page.xsl]
[26/Aug/2021 12:02:26 Europe/Stockholm] [Info] Transformation: 14958-14959-de-identification-intro.html -> 14958-14959-de-identification-intro.html [612766ab9fd45.page.xsl]
[26/Aug/2021 12:02:26 Europe/Stockholm] [Info] Transformation: 14958-14960-compatibility.html -> 14958-14960-compatibility.html [612766ab9fd45.page.xsl]
[26/Aug/2021 12:02:26 Europe/Stockholm] [Info] Transformation: 14958-14961-de-identification---on-console.html -> 14958-14961-de-identification---on-console.html [612766ab9fd45.page.xsl]
[26/Aug/2021 12:02:26 Europe/Stockholm] [Info] Transformation: 14958-14962-de-identification---offline-mac.html -> 14958-14962-de-identification---offline-mac.html [612766ab9fd45.page.xsl]
[26/Aug/2021 12:02:26 Europe/Stockholm] [Info] Transformation: 14958-14963-de-identification---offline-windows.html -> 14958-14963-de-identification---offline-windows.html [612766ab9fd45.page.xsl]
[26/Aug/2021 12:02:26 Europe/Stockholm] [Info] Transformation: 14958-14964-approvals.html -> 14958-14964-approvals.html [612766ab9fd45.page.xsl]
[26/Aug/2021 12:02:26 Europe/Stockholm] [Info] Transformation: 14958-14958-patient-de-identification-manual.html -> 14958-14958-patient-de-identification-manual.html [612766ab9fd45.page.xsl]
[26/Aug/2021 12:02:26 Europe/Stockholm] [Info] Transformation: 17031-18573-mr-troubleshooting.html -> 17031-18573-mr-troubleshooting.html [612766ab9fd45.page.xsl]
[26/Aug/2021 12:02:26 Europe/Stockholm] [Info] Transformation: 17031-17031-image-artefact-troubleshooting.html -> 17031-17031-image-artefact-troubleshooting.html [612766ab9fd45.page.xsl]
[26/Aug/2021 12:02:26 Europe/Stockholm] [Info] Transformation: index-en.html -> index-en.html [612766ab9fd45.page.xsl]
[26/Aug/2021 12:02:27 Europe/Stockholm] [Info] Generating index page.
[26/Aug/2021 12:02:27 Europe/Stockholm] [Info] Transformation: index.manifest -> index.html [612766ab9fd45.index.xsl]
[26/Aug/2021 12:02:27 Europe/Stockholm] [Info] # Took 21.673005 seconds to render.
